{"C:\\Users\\randi\\IdeaProjects\\Systemutvikling\\Miniprosjekt\\DaoServer\\src\\dao\\articledao.js": {"path":"C:\\Users\\randi\\IdeaProjects\\Systemutvikling\\Miniprosjekt\\DaoServer\\src\\dao\\articledao.js","statementMap":{"0":{"start":{"line":3,"column":12},"end":{"line":3,"column":31}},"1":{"start":{"line":6,"column":0},"end":{"line":44,"column":2}},"2":{"start":{"line":8,"column":8},"end":{"line":8,"column":59}},"3":{"start":{"line":12,"column":8},"end":{"line":16,"column":10}},"4":{"start":{"line":20,"column":8},"end":{"line":24,"column":10}},"5":{"start":{"line":28,"column":18},"end":{"line":28,"column":126}},"6":{"start":{"line":29,"column":8},"end":{"line":33,"column":10}},"7":{"start":{"line":37,"column":18},"end":{"line":37,"column":135}},"8":{"start":{"line":38,"column":8},"end":{"line":42,"column":10}}},"fnMap":{"0":{"name":"(anonymous_0)","decl":{"start":{"line":7,"column":4},"end":{"line":7,"column":5}},"loc":{"start":{"line":7,"column":21},"end":{"line":9,"column":5}},"line":7},"1":{"name":"(anonymous_1)","decl":{"start":{"line":11,"column":4},"end":{"line":11,"column":5}},"loc":{"start":{"line":11,"column":25},"end":{"line":17,"column":5}},"line":11},"2":{"name":"(anonymous_2)","decl":{"start":{"line":19,"column":4},"end":{"line":19,"column":5}},"loc":{"start":{"line":19,"column":28},"end":{"line":25,"column":5}},"line":19},"3":{"name":"(anonymous_3)","decl":{"start":{"line":27,"column":4},"end":{"line":27,"column":5}},"loc":{"start":{"line":27,"column":30},"end":{"line":34,"column":5}},"line":27},"4":{"name":"(anonymous_4)","decl":{"start":{"line":36,"column":4},"end":{"line":36,"column":5}},"loc":{"start":{"line":36,"column":30},"end":{"line":43,"column":5}},"line":36}},"branchMap":{},"s":{"0":1,"1":1,"2":3,"3":2,"4":1,"5":1,"6":1,"7":1,"8":1},"f":{"0":3,"1":2,"2":1,"3":1,"4":1},"b":{},"_coverageSchema":"332fd63041d2c1bcb487cc26dd0d5f7d97098a6c","hash":"355b253a91775ea80a11e0f33dccf3bca4d5169e"}
,"C:\\Users\\randi\\IdeaProjects\\Systemutvikling\\Miniprosjekt\\DaoServer\\src\\dao\\categorydao.js": {"path":"C:\\Users\\randi\\IdeaProjects\\Systemutvikling\\Miniprosjekt\\DaoServer\\src\\dao\\categorydao.js","statementMap":{"0":{"start":{"line":1,"column":12},"end":{"line":1,"column":31}},"1":{"start":{"line":3,"column":0},"end":{"line":17,"column":2}},"2":{"start":{"line":5,"column":8},"end":{"line":5,"column":60}}},"fnMap":{"0":{"name":"(anonymous_0)","decl":{"start":{"line":4,"column":4},"end":{"line":4,"column":5}},"loc":{"start":{"line":4,"column":21},"end":{"line":6,"column":5}},"line":4}},"branchMap":{},"s":{"0":1,"1":1,"2":1},"f":{"0":1},"b":{},"_coverageSchema":"332fd63041d2c1bcb487cc26dd0d5f7d97098a6c","hash":"8542dd19ea0e3bdfcdc278d97474cea889742bd8"}
,"C:\\Users\\randi\\IdeaProjects\\Systemutvikling\\Miniprosjekt\\DaoServer\\src\\dao\\commentdao.js": {"path":"C:\\Users\\randi\\IdeaProjects\\Systemutvikling\\Miniprosjekt\\DaoServer\\src\\dao\\commentdao.js","statementMap":{"0":{"start":{"line":1,"column":12},"end":{"line":1,"column":31}},"1":{"start":{"line":4,"column":0},"end":{"line":33,"column":2}},"2":{"start":{"line":6,"column":8},"end":{"line":6,"column":183}},"3":{"start":{"line":18,"column":8},"end":{"line":22,"column":10}},"4":{"start":{"line":26,"column":18},"end":{"line":26,"column":57}},"5":{"start":{"line":27,"column":8},"end":{"line":31,"column":10}}},"fnMap":{"0":{"name":"(anonymous_0)","decl":{"start":{"line":5,"column":4},"end":{"line":5,"column":5}},"loc":{"start":{"line":5,"column":43},"end":{"line":7,"column":5}},"line":5},"1":{"name":"(anonymous_1)","decl":{"start":{"line":17,"column":4},"end":{"line":17,"column":5}},"loc":{"start":{"line":17,"column":28},"end":{"line":23,"column":5}},"line":17},"2":{"name":"(anonymous_2)","decl":{"start":{"line":25,"column":4},"end":{"line":25,"column":5}},"loc":{"start":{"line":25,"column":30},"end":{"line":32,"column":5}},"line":25}},"branchMap":{},"s":{"0":1,"1":1,"2":4,"3":1,"4":1,"5":1},"f":{"0":4,"1":1,"2":1},"b":{},"_coverageSchema":"332fd63041d2c1bcb487cc26dd0d5f7d97098a6c","hash":"2c41344b6d56edb240916663b1cf5d15557d5bc1"}
,"C:\\Users\\randi\\IdeaProjects\\Systemutvikling\\Miniprosjekt\\DaoServer\\src\\dao\\dao.js": {"path":"C:\\Users\\randi\\IdeaProjects\\Systemutvikling\\Miniprosjekt\\DaoServer\\src\\dao\\dao.js","statementMap":{"0":{"start":{"line":1,"column":0},"end":{"line":27,"column":2}},"1":{"start":{"line":3,"column":8},"end":{"line":3,"column":25}},"2":{"start":{"line":7,"column":8},"end":{"line":25,"column":11}},"3":{"start":{"line":8,"column":12},"end":{"line":8,"column":54}},"4":{"start":{"line":9,"column":12},"end":{"line":24,"column":13}},"5":{"start":{"line":10,"column":16},"end":{"line":10,"column":53}},"6":{"start":{"line":11,"column":16},"end":{"line":11,"column":77}},"7":{"start":{"line":13,"column":16},"end":{"line":13,"column":56}},"8":{"start":{"line":14,"column":16},"end":{"line":23,"column":19}},"9":{"start":{"line":15,"column":20},"end":{"line":15,"column":41}},"10":{"start":{"line":16,"column":20},"end":{"line":22,"column":21}},"11":{"start":{"line":17,"column":24},"end":{"line":17,"column":41}},"12":{"start":{"line":18,"column":24},"end":{"line":18,"column":67}},"13":{"start":{"line":20,"column":24},"end":{"line":20,"column":59}},"14":{"start":{"line":21,"column":24},"end":{"line":21,"column":44}}},"fnMap":{"0":{"name":"(anonymous_0)","decl":{"start":{"line":2,"column":4},"end":{"line":2,"column":5}},"loc":{"start":{"line":2,"column":22},"end":{"line":4,"column":5}},"line":2},"1":{"name":"(anonymous_1)","decl":{"start":{"line":6,"column":4},"end":{"line":6,"column":5}},"loc":{"start":{"line":6,"column":33},"end":{"line":26,"column":5}},"line":6},"2":{"name":"(anonymous_2)","decl":{"start":{"line":7,"column":32},"end":{"line":7,"column":33}},"loc":{"start":{"line":7,"column":53},"end":{"line":25,"column":9}},"line":7},"3":{"name":"(anonymous_3)","decl":{"start":{"line":14,"column":46},"end":{"line":14,"column":47}},"loc":{"start":{"line":14,"column":61},"end":{"line":23,"column":17}},"line":14}},"branchMap":{"0":{"loc":{"start":{"line":9,"column":12},"end":{"line":24,"column":13}},"type":"if","locations":[{"start":{"line":9,"column":12},"end":{"line":24,"column":13}},{"start":{"line":9,"column":12},"end":{"line":24,"column":13}}],"line":9},"1":{"loc":{"start":{"line":16,"column":20},"end":{"line":22,"column":21}},"type":"if","locations":[{"start":{"line":16,"column":20},"end":{"line":22,"column":21}},{"start":{"line":16,"column":20},"end":{"line":22,"column":21}}],"line":16}},"s":{"0":3,"1":3,"2":15,"3":15,"4":15,"5":0,"6":0,"7":15,"8":15,"9":15,"10":15,"11":0,"12":0,"13":15,"14":15},"f":{"0":3,"1":15,"2":15,"3":15},"b":{"0":[0,15],"1":[0,15]},"_coverageSchema":"332fd63041d2c1bcb487cc26dd0d5f7d97098a6c","hash":"07eab4212818371f02bbad20ff5f093d5f5519dc"}
,"C:\\Users\\randi\\IdeaProjects\\Systemutvikling\\Miniprosjekt\\DaoServer\\src\\daoTests\\runsqlfile.js": {"path":"C:\\Users\\randi\\IdeaProjects\\Systemutvikling\\Miniprosjekt\\DaoServer\\src\\daoTests\\runsqlfile.js","statementMap":{"0":{"start":{"line":1,"column":12},"end":{"line":1,"column":28}},"1":{"start":{"line":2,"column":9},"end":{"line":2,"column":22}},"2":{"start":{"line":4,"column":0},"end":{"line":27,"column":2}},"3":{"start":{"line":5,"column":4},"end":{"line":5,"column":56}},"4":{"start":{"line":6,"column":14},"end":{"line":6,"column":47}},"5":{"start":{"line":7,"column":4},"end":{"line":26,"column":7}},"6":{"start":{"line":8,"column":8},"end":{"line":25,"column":9}},"7":{"start":{"line":9,"column":12},"end":{"line":9,"column":56}},"8":{"start":{"line":10,"column":12},"end":{"line":10,"column":19}},"9":{"start":{"line":12,"column":12},"end":{"line":12,"column":49}},"10":{"start":{"line":13,"column":12},"end":{"line":24,"column":15}},"11":{"start":{"line":16,"column":16},"end":{"line":16,"column":37}},"12":{"start":{"line":17,"column":16},"end":{"line":23,"column":17}},"13":{"start":{"line":18,"column":20},"end":{"line":18,"column":54}},"14":{"start":{"line":19,"column":20},"end":{"line":19,"column":27}},"15":{"start":{"line":21,"column":20},"end":{"line":21,"column":54}},"16":{"start":{"line":22,"column":20},"end":{"line":22,"column":27}}},"fnMap":{"0":{"name":"run","decl":{"start":{"line":4,"column":26},"end":{"line":4,"column":29}},"loc":{"start":{"line":4,"column":52},"end":{"line":27,"column":1}},"line":4},"1":{"name":"(anonymous_1)","decl":{"start":{"line":7,"column":23},"end":{"line":7,"column":24}},"loc":{"start":{"line":7,"column":44},"end":{"line":26,"column":5}},"line":7},"2":{"name":"(anonymous_2)","decl":{"start":{"line":13,"column":34},"end":{"line":13,"column":35}},"loc":{"start":{"line":13,"column":49},"end":{"line":24,"column":13}},"line":13}},"branchMap":{"0":{"loc":{"start":{"line":8,"column":8},"end":{"line":25,"column":9}},"type":"if","locations":[{"start":{"line":8,"column":8},"end":{"line":25,"column":9}},{"start":{"line":8,"column":8},"end":{"line":25,"column":9}}],"line":8},"1":{"loc":{"start":{"line":17,"column":16},"end":{"line":23,"column":17}},"type":"if","locations":[{"start":{"line":17,"column":16},"end":{"line":23,"column":17}},{"start":{"line":17,"column":16},"end":{"line":23,"column":17}}],"line":17}},"s":{"0":3,"1":3,"2":3,"3":0,"4":0,"5":0,"6":0,"7":0,"8":0,"9":0,"10":0,"11":0,"12":0,"13":0,"14":0,"15":0,"16":0},"f":{"0":0,"1":0,"2":0},"b":{"0":[0,0],"1":[0,0]},"_coverageSchema":"332fd63041d2c1bcb487cc26dd0d5f7d97098a6c","hash":"e68699b2ba14013e93b52a4106da9a46af54bf22"}
}
