{"C:\\Users\\randi\\IdeaProjects\\Systemutvikling\\Miniprosjekt\\client\\src\\services.js": {"path":"C:\\Users\\randi\\IdeaProjects\\Systemutvikling\\Miniprosjekt\\client\\src\\services.js","statementMap":{"0":{"start":{"line":8,"column":0},"end":{"line":20,"column":2}},"1":{"start":{"line":10,"column":22},"end":{"line":10,"column":53}},"2":{"start":{"line":11,"column":8},"end":{"line":13,"column":9}},"3":{"start":{"line":12,"column":12},"end":{"line":12,"column":53}},"4":{"start":{"line":15,"column":8},"end":{"line":15,"column":22}},"5":{"start":{"line":18,"column":8},"end":{"line":18,"column":30}},"6":{"start":{"line":22,"column":0},"end":{"line":36,"column":2}},"7":{"start":{"line":29,"column":8},"end":{"line":29,"column":24}},"8":{"start":{"line":34,"column":8},"end":{"line":34,"column":37}},"9":{"start":{"line":50,"column":27},"end":{"line":50,"column":29}},"10":{"start":{"line":74,"column":8},"end":{"line":76,"column":45}},"11":{"start":{"line":76,"column":30},"end":{"line":76,"column":43}},"12":{"start":{"line":80,"column":8},"end":{"line":85,"column":45}},"13":{"start":{"line":85,"column":30},"end":{"line":85,"column":43}},"14":{"start":{"line":89,"column":8},"end":{"line":96,"column":45}},"15":{"start":{"line":96,"column":30},"end":{"line":96,"column":43}},"16":{"start":{"line":102,"column":8},"end":{"line":104,"column":45}},"17":{"start":{"line":104,"column":30},"end":{"line":104,"column":43}},"18":{"start":{"line":108,"column":8},"end":{"line":110,"column":45}},"19":{"start":{"line":110,"column":30},"end":{"line":110,"column":43}},"20":{"start":{"line":114,"column":8},"end":{"line":116,"column":45}},"21":{"start":{"line":116,"column":30},"end":{"line":116,"column":43}},"22":{"start":{"line":120,"column":8},"end":{"line":125,"column":45}},"23":{"start":{"line":125,"column":30},"end":{"line":125,"column":43}},"24":{"start":{"line":129,"column":8},"end":{"line":131,"column":45}},"25":{"start":{"line":131,"column":30},"end":{"line":131,"column":43}},"26":{"start":{"line":135,"column":8},"end":{"line":137,"column":45}},"27":{"start":{"line":137,"column":30},"end":{"line":137,"column":43}},"28":{"start":{"line":143,"column":8},"end":{"line":145,"column":45}},"29":{"start":{"line":145,"column":30},"end":{"line":145,"column":43}},"30":{"start":{"line":148,"column":8},"end":{"line":150,"column":45}},"31":{"start":{"line":150,"column":30},"end":{"line":150,"column":43}},"32":{"start":{"line":154,"column":28},"end":{"line":154,"column":48}},"33":{"start":{"line":155,"column":28},"end":{"line":155,"column":48}},"34":{"start":{"line":156,"column":25},"end":{"line":156,"column":42}}},"fnMap":{"0":{"name":"(anonymous_0)","decl":{"start":{"line":9,"column":4},"end":{"line":9,"column":5}},"loc":{"start":{"line":9,"column":36},"end":{"line":16,"column":5}},"line":9},"1":{"name":"(anonymous_1)","decl":{"start":{"line":17,"column":4},"end":{"line":17,"column":5}},"loc":{"start":{"line":17,"column":13},"end":{"line":19,"column":5}},"line":17},"2":{"name":"(anonymous_2)","decl":{"start":{"line":23,"column":4},"end":{"line":23,"column":5}},"loc":{"start":{"line":23,"column":23},"end":{"line":30,"column":5}},"line":23},"3":{"name":"(anonymous_3)","decl":{"start":{"line":31,"column":4},"end":{"line":31,"column":5}},"loc":{"start":{"line":31,"column":20},"end":{"line":35,"column":5}},"line":31},"4":{"name":"(anonymous_4)","decl":{"start":{"line":73,"column":4},"end":{"line":73,"column":5}},"loc":{"start":{"line":73,"column":28},"end":{"line":77,"column":5}},"line":73},"5":{"name":"(anonymous_5)","decl":{"start":{"line":76,"column":18},"end":{"line":76,"column":19}},"loc":{"start":{"line":76,"column":30},"end":{"line":76,"column":43}},"line":76},"6":{"name":"(anonymous_6)","decl":{"start":{"line":79,"column":4},"end":{"line":79,"column":5}},"loc":{"start":{"line":79,"column":34},"end":{"line":86,"column":5}},"line":79},"7":{"name":"(anonymous_7)","decl":{"start":{"line":85,"column":18},"end":{"line":85,"column":19}},"loc":{"start":{"line":85,"column":30},"end":{"line":85,"column":43}},"line":85},"8":{"name":"(anonymous_8)","decl":{"start":{"line":88,"column":4},"end":{"line":88,"column":5}},"loc":{"start":{"line":88,"column":36},"end":{"line":97,"column":5}},"line":88},"9":{"name":"(anonymous_9)","decl":{"start":{"line":96,"column":18},"end":{"line":96,"column":19}},"loc":{"start":{"line":96,"column":30},"end":{"line":96,"column":43}},"line":96},"10":{"name":"(anonymous_10)","decl":{"start":{"line":101,"column":4},"end":{"line":101,"column":5}},"loc":{"start":{"line":101,"column":18},"end":{"line":105,"column":5}},"line":101},"11":{"name":"(anonymous_11)","decl":{"start":{"line":104,"column":18},"end":{"line":104,"column":19}},"loc":{"start":{"line":104,"column":30},"end":{"line":104,"column":43}},"line":104},"12":{"name":"(anonymous_12)","decl":{"start":{"line":107,"column":4},"end":{"line":107,"column":5}},"loc":{"start":{"line":107,"column":20},"end":{"line":111,"column":5}},"line":107},"13":{"name":"(anonymous_13)","decl":{"start":{"line":110,"column":18},"end":{"line":110,"column":19}},"loc":{"start":{"line":110,"column":30},"end":{"line":110,"column":43}},"line":110},"14":{"name":"(anonymous_14)","decl":{"start":{"line":113,"column":4},"end":{"line":113,"column":5}},"loc":{"start":{"line":113,"column":27},"end":{"line":117,"column":5}},"line":113},"15":{"name":"(anonymous_15)","decl":{"start":{"line":116,"column":18},"end":{"line":116,"column":19}},"loc":{"start":{"line":116,"column":30},"end":{"line":116,"column":43}},"line":116},"16":{"name":"(anonymous_16)","decl":{"start":{"line":119,"column":4},"end":{"line":119,"column":5}},"loc":{"start":{"line":119,"column":36},"end":{"line":126,"column":5}},"line":119},"17":{"name":"(anonymous_17)","decl":{"start":{"line":125,"column":18},"end":{"line":125,"column":19}},"loc":{"start":{"line":125,"column":30},"end":{"line":125,"column":43}},"line":125},"18":{"name":"(anonymous_18)","decl":{"start":{"line":128,"column":4},"end":{"line":128,"column":5}},"loc":{"start":{"line":128,"column":30},"end":{"line":132,"column":5}},"line":128},"19":{"name":"(anonymous_19)","decl":{"start":{"line":131,"column":18},"end":{"line":131,"column":19}},"loc":{"start":{"line":131,"column":30},"end":{"line":131,"column":43}},"line":131},"20":{"name":"(anonymous_20)","decl":{"start":{"line":134,"column":4},"end":{"line":134,"column":5}},"loc":{"start":{"line":134,"column":34},"end":{"line":138,"column":5}},"line":134},"21":{"name":"(anonymous_21)","decl":{"start":{"line":137,"column":18},"end":{"line":137,"column":19}},"loc":{"start":{"line":137,"column":30},"end":{"line":137,"column":43}},"line":137},"22":{"name":"(anonymous_22)","decl":{"start":{"line":142,"column":4},"end":{"line":142,"column":5}},"loc":{"start":{"line":142,"column":26},"end":{"line":146,"column":5}},"line":142},"23":{"name":"(anonymous_23)","decl":{"start":{"line":145,"column":18},"end":{"line":145,"column":19}},"loc":{"start":{"line":145,"column":30},"end":{"line":145,"column":43}},"line":145},"24":{"name":"(anonymous_24)","decl":{"start":{"line":147,"column":4},"end":{"line":147,"column":5}},"loc":{"start":{"line":147,"column":25},"end":{"line":151,"column":5}},"line":147},"25":{"name":"(anonymous_25)","decl":{"start":{"line":150,"column":18},"end":{"line":150,"column":19}},"loc":{"start":{"line":150,"column":30},"end":{"line":150,"column":43}},"line":150}},"branchMap":{"0":{"loc":{"start":{"line":11,"column":8},"end":{"line":13,"column":9}},"type":"if","locations":[{"start":{"line":11,"column":8},"end":{"line":13,"column":9}},{"start":{"line":11,"column":8},"end":{"line":13,"column":9}}],"line":11}},"s":{"0":2,"1":1,"2":1,"3":0,"4":1,"5":0,"6":2,"7":0,"8":0,"9":1,"10":0,"11":0,"12":0,"13":0,"14":0,"15":0,"16":0,"17":0,"18":1,"19":0,"20":0,"21":0,"22":0,"23":0,"24":0,"25":0,"26":0,"27":0,"28":0,"29":0,"30":0,"31":0,"32":2,"33":2,"34":2},"f":{"0":1,"1":0,"2":0,"3":0,"4":0,"5":0,"6":0,"7":0,"8":0,"9":0,"10":0,"11":0,"12":1,"13":0,"14":0,"15":0,"16":0,"17":0,"18":0,"19":0,"20":0,"21":0,"22":0,"23":0,"24":0,"25":0},"b":{"0":[0,1]},"_coverageSchema":"43e27e138ebf9cfc5966b082cf9a028302ed4184","hash":"981eec34d20618dec9a0b033183ad7f99fddd573"}
,"C:\\Users\\randi\\IdeaProjects\\Systemutvikling\\Miniprosjekt\\client\\src\\widgets\\alert.js": {"path":"C:\\Users\\randi\\IdeaProjects\\Systemutvikling\\Miniprosjekt\\client\\src\\widgets\\alert.js","statementMap":{"0":{"start":{"line":8,"column":63},"end":{"line":8,"column":65}},"1":{"start":{"line":9,"column":20},"end":{"line":9,"column":21}},"2":{"start":{"line":12,"column":8},"end":{"line":35,"column":10}},"3":{"start":{"line":15,"column":20},"end":{"line":32,"column":26}},"4":{"start":{"line":26,"column":36},"end":{"line":26,"column":61}},"5":{"start":{"line":40,"column":8},"end":{"line":47,"column":11}},"6":{"start":{"line":41,"column":12},"end":{"line":46,"column":19}},"7":{"start":{"line":42,"column":16},"end":{"line":46,"column":19}},"8":{"start":{"line":52,"column":8},"end":{"line":59,"column":11}},"9":{"start":{"line":53,"column":12},"end":{"line":58,"column":19}},"10":{"start":{"line":54,"column":16},"end":{"line":58,"column":19}},"11":{"start":{"line":64,"column":8},"end":{"line":71,"column":11}},"12":{"start":{"line":65,"column":12},"end":{"line":70,"column":19}},"13":{"start":{"line":66,"column":16},"end":{"line":70,"column":19}},"14":{"start":{"line":76,"column":8},"end":{"line":83,"column":11}},"15":{"start":{"line":77,"column":12},"end":{"line":82,"column":19}},"16":{"start":{"line":78,"column":16},"end":{"line":82,"column":19}}},"fnMap":{"0":{"name":"(anonymous_0)","decl":{"start":{"line":11,"column":4},"end":{"line":11,"column":5}},"loc":{"start":{"line":11,"column":13},"end":{"line":36,"column":5}},"line":11},"1":{"name":"(anonymous_1)","decl":{"start":{"line":14,"column":33},"end":{"line":14,"column":34}},"loc":{"start":{"line":15,"column":20},"end":{"line":32,"column":26}},"line":15},"2":{"name":"(anonymous_2)","decl":{"start":{"line":25,"column":41},"end":{"line":25,"column":42}},"loc":{"start":{"line":25,"column":47},"end":{"line":27,"column":33}},"line":25},"3":{"name":"(anonymous_3)","decl":{"start":{"line":38,"column":4},"end":{"line":38,"column":5}},"loc":{"start":{"line":38,"column":37},"end":{"line":48,"column":5}},"line":38},"4":{"name":"(anonymous_4)","decl":{"start":{"line":40,"column":19},"end":{"line":40,"column":20}},"loc":{"start":{"line":40,"column":25},"end":{"line":47,"column":9}},"line":40},"5":{"name":"(anonymous_5)","decl":{"start":{"line":50,"column":4},"end":{"line":50,"column":5}},"loc":{"start":{"line":50,"column":34},"end":{"line":60,"column":5}},"line":50},"6":{"name":"(anonymous_6)","decl":{"start":{"line":52,"column":19},"end":{"line":52,"column":20}},"loc":{"start":{"line":52,"column":25},"end":{"line":59,"column":9}},"line":52},"7":{"name":"(anonymous_7)","decl":{"start":{"line":62,"column":4},"end":{"line":62,"column":5}},"loc":{"start":{"line":62,"column":37},"end":{"line":72,"column":5}},"line":62},"8":{"name":"(anonymous_8)","decl":{"start":{"line":64,"column":19},"end":{"line":64,"column":20}},"loc":{"start":{"line":64,"column":25},"end":{"line":71,"column":9}},"line":64},"9":{"name":"(anonymous_9)","decl":{"start":{"line":74,"column":4},"end":{"line":74,"column":5}},"loc":{"start":{"line":74,"column":36},"end":{"line":84,"column":5}},"line":74},"10":{"name":"(anonymous_10)","decl":{"start":{"line":76,"column":19},"end":{"line":76,"column":20}},"loc":{"start":{"line":76,"column":25},"end":{"line":83,"column":9}},"line":76}},"branchMap":{},"s":{"0":1,"1":2,"2":4,"3":1,"4":1,"5":0,"6":0,"7":0,"8":0,"9":0,"10":0,"11":0,"12":0,"13":0,"14":1,"15":1,"16":1},"f":{"0":4,"1":1,"2":1,"3":0,"4":0,"5":0,"6":0,"7":0,"8":0,"9":1,"10":1},"b":{},"_coverageSchema":"43e27e138ebf9cfc5966b082cf9a028302ed4184","hash":"77ee0a846a5756107924a82f62da569de143a9e5"}
,"C:\\Users\\randi\\IdeaProjects\\Systemutvikling\\Miniprosjekt\\client\\src\\widgets\\buttons.js": {"path":"C:\\Users\\randi\\IdeaProjects\\Systemutvikling\\Miniprosjekt\\client\\src\\widgets\\buttons.js","statementMap":{"0":{"start":{"line":11,"column":8},"end":{"line":19,"column":10}},"1":{"start":{"line":28,"column":8},"end":{"line":36,"column":10}},"2":{"start":{"line":45,"column":8},"end":{"line":53,"column":10}},"3":{"start":{"line":62,"column":8},"end":{"line":70,"column":10}},"4":{"start":{"line":79,"column":8},"end":{"line":88,"column":10}},"5":{"start":{"line":94,"column":8},"end":{"line":98,"column":10}},"6":{"start":{"line":103,"column":19},"end":{"line":103,"column":30}},"7":{"start":{"line":104,"column":20},"end":{"line":104,"column":32}},"8":{"start":{"line":105,"column":21},"end":{"line":105,"column":34}},"9":{"start":{"line":106,"column":25},"end":{"line":106,"column":42}},"10":{"start":{"line":107,"column":30},"end":{"line":107,"column":57}},"11":{"start":{"line":108,"column":20},"end":{"line":108,"column":32}}},"fnMap":{"0":{"name":"(anonymous_0)","decl":{"start":{"line":10,"column":4},"end":{"line":10,"column":5}},"loc":{"start":{"line":10,"column":13},"end":{"line":20,"column":5}},"line":10},"1":{"name":"(anonymous_1)","decl":{"start":{"line":27,"column":4},"end":{"line":27,"column":5}},"loc":{"start":{"line":27,"column":13},"end":{"line":37,"column":5}},"line":27},"2":{"name":"(anonymous_2)","decl":{"start":{"line":44,"column":4},"end":{"line":44,"column":5}},"loc":{"start":{"line":44,"column":13},"end":{"line":54,"column":5}},"line":44},"3":{"name":"(anonymous_3)","decl":{"start":{"line":61,"column":4},"end":{"line":61,"column":5}},"loc":{"start":{"line":61,"column":13},"end":{"line":71,"column":5}},"line":61},"4":{"name":"(anonymous_4)","decl":{"start":{"line":78,"column":4},"end":{"line":78,"column":5}},"loc":{"start":{"line":78,"column":13},"end":{"line":89,"column":5}},"line":78},"5":{"name":"(anonymous_5)","decl":{"start":{"line":93,"column":4},"end":{"line":93,"column":5}},"loc":{"start":{"line":93,"column":13},"end":{"line":99,"column":5}},"line":93}},"branchMap":{},"s":{"0":1,"1":0,"2":0,"3":0,"4":0,"5":0,"6":3,"7":3,"8":3,"9":3,"10":3,"11":3},"f":{"0":1,"1":0,"2":0,"3":0,"4":0,"5":0},"b":{},"_coverageSchema":"43e27e138ebf9cfc5966b082cf9a028302ed4184","hash":"100b330fb6e7c142360d9080ff2f23bafa9432a1"}
,"C:\\Users\\randi\\IdeaProjects\\Systemutvikling\\Miniprosjekt\\client\\src\\widgets\\card.js": {"path":"C:\\Users\\randi\\IdeaProjects\\Systemutvikling\\Miniprosjekt\\client\\src\\widgets\\card.js","statementMap":{"0":{"start":{"line":14,"column":8},"end":{"line":31,"column":10}}},"fnMap":{"0":{"name":"(anonymous_0)","decl":{"start":{"line":13,"column":4},"end":{"line":13,"column":5}},"loc":{"start":{"line":13,"column":13},"end":{"line":32,"column":5}},"line":13}},"branchMap":{},"s":{"0":1},"f":{"0":1},"b":{},"_coverageSchema":"43e27e138ebf9cfc5966b082cf9a028302ed4184","hash":"c46b3f0d76f40c1f3dbac3d39fa590397069adcc"}
,"C:\\Users\\randi\\IdeaProjects\\Systemutvikling\\Miniprosjekt\\client\\src\\widgets\\carousel.js": {"path":"C:\\Users\\randi\\IdeaProjects\\Systemutvikling\\Miniprosjekt\\client\\src\\widgets\\carousel.js","statementMap":{"0":{"start":{"line":8,"column":8},"end":{"line":40,"column":10}}},"fnMap":{"0":{"name":"(anonymous_0)","decl":{"start":{"line":7,"column":4},"end":{"line":7,"column":5}},"loc":{"start":{"line":7,"column":13},"end":{"line":41,"column":5}},"line":7}},"branchMap":{},"s":{"0":1},"f":{"0":1},"b":{},"_coverageSchema":"43e27e138ebf9cfc5966b082cf9a028302ed4184","hash":"51e570f54f501c467c9ddcc77fa3861a4be3c0a5"}
,"C:\\Users\\randi\\IdeaProjects\\Systemutvikling\\Miniprosjekt\\client\\src\\widgets\\commentSection.js": {"path":"C:\\Users\\randi\\IdeaProjects\\Systemutvikling\\Miniprosjekt\\client\\src\\widgets\\commentSection.js","statementMap":{"0":{"start":{"line":12,"column":4},"end":{"line":16,"column":6}},"1":{"start":{"line":29,"column":8},"end":{"line":76,"column":10}},"2":{"start":{"line":33,"column":20},"end":{"line":51,"column":26}},"3":{"start":{"line":45,"column":51},"end":{"line":45,"column":73}},"4":{"start":{"line":68,"column":24},"end":{"line":69,"column":76}},"5":{"start":{"line":69,"column":28},"end":{"line":69,"column":76}},"6":{"start":{"line":80,"column":30},"end":{"line":80,"column":74}}},"fnMap":{"0":{"name":"mapStateToProps","decl":{"start":{"line":11,"column":9},"end":{"line":11,"column":24}},"loc":{"start":{"line":11,"column":32},"end":{"line":17,"column":1}},"line":11},"1":{"name":"(anonymous_1)","decl":{"start":{"line":28,"column":4},"end":{"line":28,"column":5}},"loc":{"start":{"line":28,"column":13},"end":{"line":77,"column":5}},"line":28},"2":{"name":"(anonymous_2)","decl":{"start":{"line":32,"column":41},"end":{"line":32,"column":42}},"loc":{"start":{"line":33,"column":20},"end":{"line":51,"column":26}},"line":33},"3":{"name":"(anonymous_3)","decl":{"start":{"line":45,"column":45},"end":{"line":45,"column":46}},"loc":{"start":{"line":45,"column":51},"end":{"line":45,"column":73}},"line":45},"4":{"name":"(anonymous_4)","decl":{"start":{"line":65,"column":30},"end":{"line":65,"column":31}},"loc":{"start":{"line":67,"column":25},"end":{"line":70,"column":21}},"line":67}},"branchMap":{"0":{"loc":{"start":{"line":42,"column":29},"end":{"line":49,"column":36}},"type":"cond-expr","locations":[{"start":{"line":44,"column":32},"end":{"line":48,"column":58}},{"start":{"line":49,"column":32},"end":{"line":49,"column":36}}],"line":42},"1":{"loc":{"start":{"line":42,"column":29},"end":{"line":43,"column":60}},"type":"binary-expr","locations":[{"start":{"line":42,"column":29},"end":{"line":42,"column":48}},{"start":{"line":43,"column":28},"end":{"line":43,"column":60}}],"line":42},"2":{"loc":{"start":{"line":54,"column":17},"end":{"line":58,"column":17}},"type":"cond-expr","locations":[{"start":{"line":55,"column":20},"end":{"line":55,"column":51}},{"start":{"line":57,"column":20},"end":{"line":57,"column":35}}],"line":54},"3":{"loc":{"start":{"line":68,"column":24},"end":{"line":69,"column":76}},"type":"if","locations":[{"start":{"line":68,"column":24},"end":{"line":69,"column":76}},{"start":{"line":68,"column":24},"end":{"line":69,"column":76}}],"line":68}},"s":{"0":0,"1":0,"2":0,"3":0,"4":0,"5":0,"6":1},"f":{"0":0,"1":0,"2":0,"3":0,"4":0},"b":{"0":[0,0],"1":[0,0],"2":[0,0],"3":[0,0]},"_coverageSchema":"43e27e138ebf9cfc5966b082cf9a028302ed4184","hash":"50d14983acb4cdc42fb63f75abd38658a0d26843"}
,"C:\\Users\\randi\\IdeaProjects\\Systemutvikling\\Miniprosjekt\\client\\src\\widgets\\confirmBox.js": {"path":"C:\\Users\\randi\\IdeaProjects\\Systemutvikling\\Miniprosjekt\\client\\src\\widgets\\confirmBox.js","statementMap":{"0":{"start":{"line":12,"column":8},"end":{"line":57,"column":10}}},"fnMap":{"0":{"name":"(anonymous_0)","decl":{"start":{"line":11,"column":4},"end":{"line":11,"column":5}},"loc":{"start":{"line":11,"column":13},"end":{"line":58,"column":5}},"line":11}},"branchMap":{},"s":{"0":1},"f":{"0":1},"b":{},"_coverageSchema":"43e27e138ebf9cfc5966b082cf9a028302ed4184","hash":"b36be4d775d7a00ff6e94d00a843a07265a32026"}
,"C:\\Users\\randi\\IdeaProjects\\Systemutvikling\\Miniprosjekt\\client\\src\\widgets\\form.js": {"path":"C:\\Users\\randi\\IdeaProjects\\Systemutvikling\\Miniprosjekt\\client\\src\\widgets\\form.js","statementMap":{"0":{"start":{"line":14,"column":29},"end":{"line":14,"column":31}},"1":{"start":{"line":17,"column":8},"end":{"line":22,"column":66}},"2":{"start":{"line":20,"column":16},"end":{"line":20,"column":45}},"3":{"start":{"line":22,"column":37},"end":{"line":22,"column":64}},"4":{"start":{"line":26,"column":8},"end":{"line":208,"column":10}},"5":{"start":{"line":41,"column":28},"end":{"line":42,"column":78}},"6":{"start":{"line":42,"column":32},"end":{"line":42,"column":78}},"7":{"start":{"line":61,"column":28},"end":{"line":62,"column":78}},"8":{"start":{"line":62,"column":32},"end":{"line":62,"column":78}},"9":{"start":{"line":79,"column":28},"end":{"line":81,"column":55}},"10":{"start":{"line":80,"column":32},"end":{"line":81,"column":55}},"11":{"start":{"line":98,"column":28},"end":{"line":99,"column":76}},"12":{"start":{"line":99,"column":32},"end":{"line":99,"column":76}},"13":{"start":{"line":111,"column":28},"end":{"line":116,"column":33}},"14":{"start":{"line":112,"column":32},"end":{"line":116,"column":33}},"15":{"start":{"line":113,"column":36},"end":{"line":113,"column":70}},"16":{"start":{"line":115,"column":36},"end":{"line":115,"column":70}},"17":{"start":{"line":128,"column":24},"end":{"line":181,"column":25}},"18":{"start":{"line":143,"column":40},"end":{"line":145,"column":67}},"19":{"start":{"line":144,"column":44},"end":{"line":145,"column":67}},"20":{"start":{"line":169,"column":40},"end":{"line":171,"column":67}},"21":{"start":{"line":170,"column":44},"end":{"line":171,"column":67}},"22":{"start":{"line":196,"column":28},"end":{"line":197,"column":77}},"23":{"start":{"line":197,"column":32},"end":{"line":197,"column":77}}},"fnMap":{"0":{"name":"(anonymous_0)","decl":{"start":{"line":16,"column":4},"end":{"line":16,"column":5}},"loc":{"start":{"line":16,"column":14},"end":{"line":23,"column":5}},"line":16},"1":{"name":"(anonymous_1)","decl":{"start":{"line":19,"column":18},"end":{"line":19,"column":19}},"loc":{"start":{"line":19,"column":32},"end":{"line":21,"column":13}},"line":19},"2":{"name":"(anonymous_2)","decl":{"start":{"line":22,"column":19},"end":{"line":22,"column":20}},"loc":{"start":{"line":22,"column":37},"end":{"line":22,"column":64}},"line":22},"3":{"name":"(anonymous_3)","decl":{"start":{"line":25,"column":4},"end":{"line":25,"column":5}},"loc":{"start":{"line":25,"column":13},"end":{"line":209,"column":5}},"line":25},"4":{"name":"(anonymous_4)","decl":{"start":{"line":38,"column":34},"end":{"line":38,"column":35}},"loc":{"start":{"line":40,"column":29},"end":{"line":43,"column":25}},"line":40},"5":{"name":"(anonymous_5)","decl":{"start":{"line":58,"column":34},"end":{"line":58,"column":35}},"loc":{"start":{"line":60,"column":29},"end":{"line":63,"column":25}},"line":60},"6":{"name":"(anonymous_6)","decl":{"start":{"line":76,"column":34},"end":{"line":76,"column":35}},"loc":{"start":{"line":78,"column":29},"end":{"line":82,"column":25}},"line":78},"7":{"name":"(anonymous_7)","decl":{"start":{"line":95,"column":34},"end":{"line":95,"column":35}},"loc":{"start":{"line":97,"column":29},"end":{"line":100,"column":25}},"line":97},"8":{"name":"(anonymous_8)","decl":{"start":{"line":108,"column":34},"end":{"line":108,"column":35}},"loc":{"start":{"line":110,"column":29},"end":{"line":117,"column":25}},"line":110},"9":{"name":"(anonymous_9)","decl":{"start":{"line":127,"column":41},"end":{"line":127,"column":42}},"loc":{"start":{"line":128,"column":24},"end":{"line":181,"column":25}},"line":128},"10":{"name":"(anonymous_10)","decl":{"start":{"line":140,"column":46},"end":{"line":140,"column":47}},"loc":{"start":{"line":142,"column":41},"end":{"line":146,"column":37}},"line":142},"11":{"name":"(anonymous_11)","decl":{"start":{"line":166,"column":46},"end":{"line":166,"column":47}},"loc":{"start":{"line":168,"column":41},"end":{"line":172,"column":37}},"line":168},"12":{"name":"(anonymous_12)","decl":{"start":{"line":193,"column":34},"end":{"line":193,"column":35}},"loc":{"start":{"line":195,"column":29},"end":{"line":198,"column":25}},"line":195}},"branchMap":{"0":{"loc":{"start":{"line":41,"column":28},"end":{"line":42,"column":78}},"type":"if","locations":[{"start":{"line":41,"column":28},"end":{"line":42,"column":78}},{"start":{"line":41,"column":28},"end":{"line":42,"column":78}}],"line":41},"1":{"loc":{"start":{"line":61,"column":28},"end":{"line":62,"column":78}},"type":"if","locations":[{"start":{"line":61,"column":28},"end":{"line":62,"column":78}},{"start":{"line":61,"column":28},"end":{"line":62,"column":78}}],"line":61},"2":{"loc":{"start":{"line":79,"column":28},"end":{"line":81,"column":55}},"type":"if","locations":[{"start":{"line":79,"column":28},"end":{"line":81,"column":55}},{"start":{"line":79,"column":28},"end":{"line":81,"column":55}}],"line":79},"3":{"loc":{"start":{"line":98,"column":28},"end":{"line":99,"column":76}},"type":"if","locations":[{"start":{"line":98,"column":28},"end":{"line":99,"column":76}},{"start":{"line":98,"column":28},"end":{"line":99,"column":76}}],"line":98},"4":{"loc":{"start":{"line":111,"column":28},"end":{"line":116,"column":33}},"type":"if","locations":[{"start":{"line":111,"column":28},"end":{"line":116,"column":33}},{"start":{"line":111,"column":28},"end":{"line":116,"column":33}}],"line":111},"5":{"loc":{"start":{"line":112,"column":32},"end":{"line":116,"column":33}},"type":"if","locations":[{"start":{"line":112,"column":32},"end":{"line":116,"column":33}},{"start":{"line":112,"column":32},"end":{"line":116,"column":33}}],"line":112},"6":{"loc":{"start":{"line":128,"column":24},"end":{"line":181,"column":25}},"type":"cond-expr","locations":[{"start":{"line":129,"column":28},"end":{"line":154,"column":34}},{"start":{"line":156,"column":28},"end":{"line":180,"column":34}}],"line":128},"7":{"loc":{"start":{"line":143,"column":40},"end":{"line":145,"column":67}},"type":"if","locations":[{"start":{"line":143,"column":40},"end":{"line":145,"column":67}},{"start":{"line":143,"column":40},"end":{"line":145,"column":67}}],"line":143},"8":{"loc":{"start":{"line":169,"column":40},"end":{"line":171,"column":67}},"type":"if","locations":[{"start":{"line":169,"column":40},"end":{"line":171,"column":67}},{"start":{"line":169,"column":40},"end":{"line":171,"column":67}}],"line":169},"9":{"loc":{"start":{"line":196,"column":28},"end":{"line":197,"column":77}},"type":"if","locations":[{"start":{"line":196,"column":28},"end":{"line":197,"column":77}},{"start":{"line":196,"column":28},"end":{"line":197,"column":77}}],"line":196}},"s":{"0":1,"1":1,"2":0,"3":0,"4":1,"5":0,"6":0,"7":0,"8":0,"9":0,"10":0,"11":0,"12":0,"13":0,"14":0,"15":0,"16":0,"17":0,"18":0,"19":0,"20":0,"21":0,"22":0,"23":0},"f":{"0":1,"1":0,"2":0,"3":1,"4":0,"5":0,"6":0,"7":0,"8":0,"9":0,"10":0,"11":0,"12":0},"b":{"0":[0,0],"1":[0,0],"2":[0,0],"3":[0,0],"4":[0,0],"5":[0,0],"6":[0,0],"7":[0,0],"8":[0,0],"9":[0,0]},"_coverageSchema":"43e27e138ebf9cfc5966b082cf9a028302ed4184","hash":"99f6e59d7572c11261f36efd69088408092494c6"}
}
