{"C:\\Users\\randi\\IdeaProjects\\Systemutvikling\\Miniprosjekt\\Client\\src\\buttons.js": {"path":"C:\\Users\\randi\\IdeaProjects\\Systemutvikling\\Miniprosjekt\\Client\\src\\buttons.js","statementMap":{"0":{"start":{"line":8,"column":8},"end":{"line":12,"column":9}},"1":{"start":{"line":18,"column":8},"end":{"line":22,"column":9}},"2":{"start":{"line":28,"column":8},"end":{"line":32,"column":9}},"3":{"start":{"line":37,"column":20},"end":{"line":37,"column":32}},"4":{"start":{"line":38,"column":21},"end":{"line":38,"column":34}},"5":{"start":{"line":39,"column":25},"end":{"line":39,"column":42}}},"fnMap":{"0":{"name":"(anonymous_0)","decl":{"start":{"line":7,"column":4},"end":{"line":7,"column":5}},"loc":{"start":{"line":7,"column":12},"end":{"line":13,"column":5}},"line":7},"1":{"name":"(anonymous_1)","decl":{"start":{"line":17,"column":4},"end":{"line":17,"column":5}},"loc":{"start":{"line":17,"column":12},"end":{"line":23,"column":5}},"line":17},"2":{"name":"(anonymous_2)","decl":{"start":{"line":27,"column":4},"end":{"line":27,"column":5}},"loc":{"start":{"line":27,"column":12},"end":{"line":33,"column":5}},"line":27}},"branchMap":{},"s":{"0":0,"1":0,"2":0,"3":1,"4":1,"5":1},"f":{"0":0,"1":0,"2":0},"b":{},"_coverageSchema":"43e27e138ebf9cfc5966b082cf9a028302ed4184","hash":"fb9bd2479733e1de65bb3db10c202d64a2f36b90"}
,"C:\\Users\\randi\\IdeaProjects\\Systemutvikling\\Miniprosjekt\\Client\\src\\services.js": {"path":"C:\\Users\\randi\\IdeaProjects\\Systemutvikling\\Miniprosjekt\\Client\\src\\services.js","statementMap":{"0":{"start":{"line":16,"column":28},"end":{"line":16,"column":30}},"1":{"start":{"line":21,"column":8},"end":{"line":21,"column":101}},"2":{"start":{"line":21,"column":86},"end":{"line":21,"column":99}},"3":{"start":{"line":25,"column":8},"end":{"line":25,"column":101}},"4":{"start":{"line":25,"column":86},"end":{"line":25,"column":99}},"5":{"start":{"line":29,"column":8},"end":{"line":29,"column":105}},"6":{"start":{"line":29,"column":90},"end":{"line":29,"column":103}},"7":{"start":{"line":33,"column":8},"end":{"line":33,"column":128}},"8":{"start":{"line":33,"column":113},"end":{"line":33,"column":126}},"9":{"start":{"line":37,"column":8},"end":{"line":37,"column":108}},"10":{"start":{"line":37,"column":93},"end":{"line":37,"column":106}},"11":{"start":{"line":41,"column":8},"end":{"line":41,"column":116}},"12":{"start":{"line":41,"column":101},"end":{"line":41,"column":114}},"13":{"start":{"line":45,"column":28},"end":{"line":45,"column":48}}},"fnMap":{"0":{"name":"(anonymous_0)","decl":{"start":{"line":20,"column":4},"end":{"line":20,"column":5}},"loc":{"start":{"line":20,"column":17},"end":{"line":22,"column":5}},"line":20},"1":{"name":"(anonymous_1)","decl":{"start":{"line":21,"column":74},"end":{"line":21,"column":75}},"loc":{"start":{"line":21,"column":86},"end":{"line":21,"column":99}},"line":21},"2":{"name":"(anonymous_2)","decl":{"start":{"line":24,"column":4},"end":{"line":24,"column":5}},"loc":{"start":{"line":24,"column":19},"end":{"line":26,"column":5}},"line":24},"3":{"name":"(anonymous_3)","decl":{"start":{"line":25,"column":74},"end":{"line":25,"column":75}},"loc":{"start":{"line":25,"column":86},"end":{"line":25,"column":99}},"line":25},"4":{"name":"(anonymous_4)","decl":{"start":{"line":28,"column":4},"end":{"line":28,"column":5}},"loc":{"start":{"line":28,"column":26},"end":{"line":30,"column":5}},"line":28},"5":{"name":"(anonymous_5)","decl":{"start":{"line":29,"column":78},"end":{"line":29,"column":79}},"loc":{"start":{"line":29,"column":90},"end":{"line":29,"column":103}},"line":29},"6":{"name":"(anonymous_6)","decl":{"start":{"line":32,"column":4},"end":{"line":32,"column":5}},"loc":{"start":{"line":32,"column":35},"end":{"line":34,"column":5}},"line":32},"7":{"name":"(anonymous_7)","decl":{"start":{"line":33,"column":101},"end":{"line":33,"column":102}},"loc":{"start":{"line":33,"column":113},"end":{"line":33,"column":126}},"line":33},"8":{"name":"(anonymous_8)","decl":{"start":{"line":36,"column":4},"end":{"line":36,"column":5}},"loc":{"start":{"line":36,"column":29},"end":{"line":38,"column":5}},"line":36},"9":{"name":"(anonymous_9)","decl":{"start":{"line":37,"column":81},"end":{"line":37,"column":82}},"loc":{"start":{"line":37,"column":93},"end":{"line":37,"column":106}},"line":37},"10":{"name":"(anonymous_10)","decl":{"start":{"line":40,"column":4},"end":{"line":40,"column":5}},"loc":{"start":{"line":40,"column":34},"end":{"line":42,"column":5}},"line":40},"11":{"name":"(anonymous_11)","decl":{"start":{"line":41,"column":89},"end":{"line":41,"column":90}},"loc":{"start":{"line":41,"column":101},"end":{"line":41,"column":114}},"line":41}},"branchMap":{},"s":{"0":0,"1":0,"2":0,"3":0,"4":0,"5":0,"6":0,"7":0,"8":0,"9":0,"10":0,"11":0,"12":0,"13":1},"f":{"0":0,"1":0,"2":0,"3":0,"4":0,"5":0,"6":0,"7":0,"8":0,"9":0,"10":0,"11":0},"b":{},"_coverageSchema":"43e27e138ebf9cfc5966b082cf9a028302ed4184","hash":"1f730565348b4c9757adfc751a2a20332311744b"}
,"C:\\Users\\randi\\IdeaProjects\\Systemutvikling\\Miniprosjekt\\Client\\src\\widgets.js": {"path":"C:\\Users\\randi\\IdeaProjects\\Systemutvikling\\Miniprosjekt\\Client\\src\\widgets.js","statementMap":{"0":{"start":{"line":11,"column":16},"end":{"line":11,"column":35}},"1":{"start":{"line":27,"column":8},"end":{"line":41,"column":10}},"2":{"start":{"line":46,"column":30},"end":{"line":46,"column":32}},"3":{"start":{"line":49,"column":8},"end":{"line":52,"column":66}},"4":{"start":{"line":51,"column":16},"end":{"line":51,"column":44}},"5":{"start":{"line":52,"column":37},"end":{"line":52,"column":64}},"6":{"start":{"line":56,"column":8},"end":{"line":125,"column":9}},"7":{"start":{"line":62,"column":31},"end":{"line":62,"column":101}},"8":{"start":{"line":62,"column":55},"end":{"line":62,"column":101}},"9":{"start":{"line":72,"column":31},"end":{"line":72,"column":101}},"10":{"start":{"line":72,"column":55},"end":{"line":72,"column":101}},"11":{"start":{"line":79,"column":31},"end":{"line":79,"column":106}},"12":{"start":{"line":79,"column":55},"end":{"line":79,"column":106}},"13":{"start":{"line":86,"column":31},"end":{"line":86,"column":99}},"14":{"start":{"line":86,"column":55},"end":{"line":86,"column":99}},"15":{"start":{"line":97,"column":24},"end":{"line":110,"column":34}},"16":{"start":{"line":101,"column":36},"end":{"line":101,"column":109}},"17":{"start":{"line":101,"column":60},"end":{"line":101,"column":109}},"18":{"start":{"line":108,"column":36},"end":{"line":108,"column":109}},"19":{"start":{"line":108,"column":60},"end":{"line":108,"column":109}},"20":{"start":{"line":119,"column":34},"end":{"line":119,"column":103}},"21":{"start":{"line":119,"column":58},"end":{"line":119,"column":103}},"22":{"start":{"line":131,"column":8},"end":{"line":139,"column":10}},"23":{"start":{"line":145,"column":8},"end":{"line":166,"column":9}},"24":{"start":{"line":175,"column":63},"end":{"line":175,"column":65}},"25":{"start":{"line":176,"column":20},"end":{"line":176,"column":21}},"26":{"start":{"line":179,"column":8},"end":{"line":196,"column":10}},"27":{"start":{"line":182,"column":20},"end":{"line":193,"column":26}},"28":{"start":{"line":188,"column":32},"end":{"line":188,"column":57}},"29":{"start":{"line":201,"column":8},"end":{"line":203,"column":11}},"30":{"start":{"line":202,"column":12},"end":{"line":202,"column":126}},"31":{"start":{"line":202,"column":52},"end":{"line":202,"column":126}},"32":{"start":{"line":208,"column":8},"end":{"line":210,"column":11}},"33":{"start":{"line":209,"column":12},"end":{"line":209,"column":123}},"34":{"start":{"line":209,"column":52},"end":{"line":209,"column":123}},"35":{"start":{"line":215,"column":8},"end":{"line":217,"column":11}},"36":{"start":{"line":216,"column":12},"end":{"line":216,"column":126}},"37":{"start":{"line":216,"column":52},"end":{"line":216,"column":126}},"38":{"start":{"line":222,"column":8},"end":{"line":224,"column":11}},"39":{"start":{"line":223,"column":12},"end":{"line":223,"column":125}},"40":{"start":{"line":223,"column":52},"end":{"line":223,"column":125}}},"fnMap":{"0":{"name":"(anonymous_0)","decl":{"start":{"line":26,"column":4},"end":{"line":26,"column":5}},"loc":{"start":{"line":26,"column":12},"end":{"line":42,"column":5}},"line":26},"1":{"name":"(anonymous_1)","decl":{"start":{"line":48,"column":4},"end":{"line":48,"column":5}},"loc":{"start":{"line":48,"column":13},"end":{"line":53,"column":5}},"line":48},"2":{"name":"(anonymous_2)","decl":{"start":{"line":50,"column":18},"end":{"line":50,"column":19}},"loc":{"start":{"line":50,"column":32},"end":{"line":51,"column":45}},"line":50},"3":{"name":"(anonymous_3)","decl":{"start":{"line":52,"column":19},"end":{"line":52,"column":20}},"loc":{"start":{"line":52,"column":37},"end":{"line":52,"column":64}},"line":52},"4":{"name":"(anonymous_4)","decl":{"start":{"line":55,"column":4},"end":{"line":55,"column":5}},"loc":{"start":{"line":55,"column":12},"end":{"line":126,"column":5}},"line":55},"5":{"name":"(anonymous_5)","decl":{"start":{"line":61,"column":37},"end":{"line":61,"column":38}},"loc":{"start":{"line":61,"column":87},"end":{"line":63,"column":28}},"line":61},"6":{"name":"(anonymous_6)","decl":{"start":{"line":71,"column":37},"end":{"line":71,"column":38}},"loc":{"start":{"line":71,"column":87},"end":{"line":73,"column":28}},"line":71},"7":{"name":"(anonymous_7)","decl":{"start":{"line":78,"column":37},"end":{"line":78,"column":38}},"loc":{"start":{"line":78,"column":87},"end":{"line":80,"column":28}},"line":78},"8":{"name":"(anonymous_8)","decl":{"start":{"line":85,"column":37},"end":{"line":85,"column":38}},"loc":{"start":{"line":85,"column":87},"end":{"line":87,"column":28}},"line":85},"9":{"name":"(anonymous_9)","decl":{"start":{"line":96,"column":41},"end":{"line":96,"column":42}},"loc":{"start":{"line":97,"column":24},"end":{"line":110,"column":34}},"line":97},"10":{"name":"(anonymous_10)","decl":{"start":{"line":100,"column":68},"end":{"line":100,"column":69}},"loc":{"start":{"line":100,"column":118},"end":{"line":101,"column":110}},"line":100},"11":{"name":"(anonymous_11)","decl":{"start":{"line":107,"column":68},"end":{"line":107,"column":69}},"loc":{"start":{"line":107,"column":118},"end":{"line":108,"column":110}},"line":107},"12":{"name":"(anonymous_12)","decl":{"start":{"line":118,"column":40},"end":{"line":118,"column":41}},"loc":{"start":{"line":118,"column":90},"end":{"line":120,"column":31}},"line":118},"13":{"name":"(anonymous_13)","decl":{"start":{"line":130,"column":4},"end":{"line":130,"column":5}},"loc":{"start":{"line":130,"column":13},"end":{"line":140,"column":5}},"line":130},"14":{"name":"(anonymous_14)","decl":{"start":{"line":144,"column":4},"end":{"line":144,"column":5}},"loc":{"start":{"line":144,"column":12},"end":{"line":167,"column":5}},"line":144},"15":{"name":"(anonymous_15)","decl":{"start":{"line":178,"column":4},"end":{"line":178,"column":5}},"loc":{"start":{"line":178,"column":13},"end":{"line":197,"column":5}},"line":178},"16":{"name":"(anonymous_16)","decl":{"start":{"line":181,"column":33},"end":{"line":181,"column":34}},"loc":{"start":{"line":182,"column":20},"end":{"line":193,"column":26}},"line":182},"17":{"name":"(anonymous_17)","decl":{"start":{"line":187,"column":37},"end":{"line":187,"column":38}},"loc":{"start":{"line":187,"column":43},"end":{"line":189,"column":29}},"line":187},"18":{"name":"(anonymous_18)","decl":{"start":{"line":199,"column":4},"end":{"line":199,"column":5}},"loc":{"start":{"line":199,"column":37},"end":{"line":204,"column":5}},"line":199},"19":{"name":"(anonymous_19)","decl":{"start":{"line":201,"column":19},"end":{"line":201,"column":20}},"loc":{"start":{"line":201,"column":25},"end":{"line":203,"column":9}},"line":201},"20":{"name":"(anonymous_20)","decl":{"start":{"line":206,"column":4},"end":{"line":206,"column":5}},"loc":{"start":{"line":206,"column":34},"end":{"line":211,"column":5}},"line":206},"21":{"name":"(anonymous_21)","decl":{"start":{"line":208,"column":19},"end":{"line":208,"column":20}},"loc":{"start":{"line":208,"column":25},"end":{"line":210,"column":9}},"line":208},"22":{"name":"(anonymous_22)","decl":{"start":{"line":213,"column":4},"end":{"line":213,"column":5}},"loc":{"start":{"line":213,"column":37},"end":{"line":218,"column":5}},"line":213},"23":{"name":"(anonymous_23)","decl":{"start":{"line":215,"column":19},"end":{"line":215,"column":20}},"loc":{"start":{"line":215,"column":25},"end":{"line":217,"column":9}},"line":215},"24":{"name":"(anonymous_24)","decl":{"start":{"line":220,"column":4},"end":{"line":220,"column":5}},"loc":{"start":{"line":220,"column":36},"end":{"line":225,"column":5}},"line":220},"25":{"name":"(anonymous_25)","decl":{"start":{"line":222,"column":19},"end":{"line":222,"column":20}},"loc":{"start":{"line":222,"column":25},"end":{"line":224,"column":9}},"line":222}},"branchMap":{"0":{"loc":{"start":{"line":62,"column":31},"end":{"line":62,"column":101}},"type":"if","locations":[{"start":{"line":62,"column":31},"end":{"line":62,"column":101}},{"start":{"line":62,"column":31},"end":{"line":62,"column":101}}],"line":62},"1":{"loc":{"start":{"line":72,"column":31},"end":{"line":72,"column":101}},"type":"if","locations":[{"start":{"line":72,"column":31},"end":{"line":72,"column":101}},{"start":{"line":72,"column":31},"end":{"line":72,"column":101}}],"line":72},"2":{"loc":{"start":{"line":79,"column":31},"end":{"line":79,"column":106}},"type":"if","locations":[{"start":{"line":79,"column":31},"end":{"line":79,"column":106}},{"start":{"line":79,"column":31},"end":{"line":79,"column":106}}],"line":79},"3":{"loc":{"start":{"line":86,"column":31},"end":{"line":86,"column":99}},"type":"if","locations":[{"start":{"line":86,"column":31},"end":{"line":86,"column":99}},{"start":{"line":86,"column":31},"end":{"line":86,"column":99}}],"line":86},"4":{"loc":{"start":{"line":97,"column":24},"end":{"line":110,"column":34}},"type":"cond-expr","locations":[{"start":{"line":98,"column":28},"end":{"line":103,"column":34}},{"start":{"line":105,"column":28},"end":{"line":110,"column":34}}],"line":97},"5":{"loc":{"start":{"line":101,"column":36},"end":{"line":101,"column":109}},"type":"if","locations":[{"start":{"line":101,"column":36},"end":{"line":101,"column":109}},{"start":{"line":101,"column":36},"end":{"line":101,"column":109}}],"line":101},"6":{"loc":{"start":{"line":108,"column":36},"end":{"line":108,"column":109}},"type":"if","locations":[{"start":{"line":108,"column":36},"end":{"line":108,"column":109}},{"start":{"line":108,"column":36},"end":{"line":108,"column":109}}],"line":108},"7":{"loc":{"start":{"line":119,"column":34},"end":{"line":119,"column":103}},"type":"if","locations":[{"start":{"line":119,"column":34},"end":{"line":119,"column":103}},{"start":{"line":119,"column":34},"end":{"line":119,"column":103}}],"line":119}},"s":{"0":1,"1":0,"2":0,"3":0,"4":0,"5":0,"6":0,"7":0,"8":0,"9":0,"10":0,"11":0,"12":0,"13":0,"14":0,"15":0,"16":0,"17":0,"18":0,"19":0,"20":0,"21":0,"22":0,"23":0,"24":1,"25":1,"26":4,"27":1,"28":1,"29":0,"30":0,"31":0,"32":0,"33":0,"34":0,"35":0,"36":0,"37":0,"38":1,"39":1,"40":1},"f":{"0":0,"1":0,"2":0,"3":0,"4":0,"5":0,"6":0,"7":0,"8":0,"9":0,"10":0,"11":0,"12":0,"13":0,"14":0,"15":4,"16":1,"17":1,"18":0,"19":0,"20":0,"21":0,"22":0,"23":0,"24":1,"25":1},"b":{"0":[0,0],"1":[0,0],"2":[0,0],"3":[0,0],"4":[0,0],"5":[0,0],"6":[0,0],"7":[0,0]},"_coverageSchema":"43e27e138ebf9cfc5966b082cf9a028302ed4184","hash":"e40bac19c43ad2b078594af4599e066c451cef66"}
}
